<?xml version="1.0" encoding="UTF-8"?>
<testsuite name="MaxProfitTest" tests="3" skipped="0" failures="0" errors="0" timestamp="2020-04-16T00:39:43" hostname="LOGGI-004172" time="0.006">
  <properties/>
  <testcase name="singleNumberAssertions[test case: 0 ==&gt; max profit is 7]" classname="MaxProfitTest" time="0.005"/>
  <testcase name="singleNumberAssertions[test case: 1 ==&gt; max profit is 4]" classname="MaxProfitTest" time="0.001"/>
  <testcase name="singleNumberAssertions[test case: 2 ==&gt; max profit is 0]" classname="MaxProfitTest" time="0.0"/>
  <system-out><![CDATA[7
4
0
]]></system-out>
  <system-err><![CDATA[]]></system-err>
</testsuite>
